<?xml version="1.0" encoding="UTF-8" ?>
<testsuite tests="5" failures="0" name="com.jnshu.taskone.serviceImpl.UserServiceImplTest" time="3.158" errors="0" skipped="0">
  <properties>
[...]
</properties>
  <testcase classname="com.jnshu.taskone.serviceImpl.UserServiceImplTest" name="updateUser" time="2"/>
  <testcase classname="com.jnshu.taskone.serviceImpl.UserServiceImplTest" name="findUserMore" time="0.516"/>
  <testcase classname="com.jnshu.taskone.serviceImpl.UserServiceImplTest" name="findUserAll" time="0.297"/>
  <testcase classname="com.jnshu.taskone.serviceImpl.UserServiceImplTest" name="insertUser" time="0.204"/>
  <testcase classname="com.jnshu.taskone.serviceImpl.UserServiceImplTest" name="deleteUser" time="0.141"/>
</testsuite>